Search: 
Src\JsonSQL Object
(
    [jsonSQLVersion:protected] => 1.0.1
    [databases:protected] => Array
        (
            [main] => C:\laragon\www\projekte\JsonSQL\examples\PasswordDB\api/db
        )

    [currentDbPath:protected] => C:\laragon\www\projekte\JsonSQL\examples\PasswordDB\api/db
    [currentTableFile:protected] => C:\laragon\www\projekte\JsonSQL\examples\PasswordDB\api/db\passwords.json
    [currentData:protected] => Array
        (
        )

    [tableLoaded:protected] => 1
    [filters:protected] => Array
        (
        )

    [select:protected] => Array
        (
        )

    [orderBy:protected] => Array
        (
        )

    [mergeCondition:protected] => OR
    [joinedTables:protected] => Array
        (
        )

    [limit:protected] => 0
    [offset:protected] => 0
    [having:protected] => 
    [systemConfig:protected] => 
    [encryptionKey:protected] => 
    [lastInsertId:protected] => 
    [aliasMap:protected] => Array
        (
        )

    [groupBy:protected] => 
    [selectCalled:protected] => 
    [currentTableName:protected] => passwords
    [tableInfo:protected] => 
    [isTransaction:protected] => 
    [transactionBuffer:protected] => Array
        (
        )

    [lastError:protected] => 
    [lastMessage:protected] => 
)
Array
(
)
Search: G
Array
(
)
Search: Gi
Array
(
)
Search: Git
Array
(
)
